99938 56461 30327
99755 80607 2425
99673 94232 20807
99530 50780 82544
99467 69275 77712
99337 73044 50762
99038 39319 93594
98913 43643 97705
98766 90196 39054
98363 77500 84046
98058 90018 49213
97808 64929 97068
97802 68345 87423
97513 40795 98205
97503 95139 89142
97418 98765 13585
95738 97975 31523
95236 69031 94913
95055 62529 98111
94253 99020 79964
93912 93820 94790
90825 79523 97204
87932 14024 98334
85783 99974 26577
80184 98808 99314
78984 4831 99420
50872 69232 99500
43947 85046 99439
39720 99079 64392
29786 99246 35203
15297 99347 86386
5227 99518 69168
3171 99677 91680
